0 info it worked if it ends with ok
1 verbose cli [ '/usr/bin/nodejs',
1 verbose cli   '/usr/bin/npm',
1 verbose cli   'install',
1 verbose cli   'dotenv',
1 verbose cli   '--save' ]
2 info using npm@1.3.10
3 info using node@v0.10.25
4 verbose readDependencies using package.json deps
5 verbose cache add [ 'dotenv', null ]
6 verbose cache add name=undefined spec="dotenv" args=["dotenv",null]
7 verbose parsed url { protocol: null,
7 verbose parsed url   slashes: null,
7 verbose parsed url   auth: null,
7 verbose parsed url   host: null,
7 verbose parsed url   port: null,
7 verbose parsed url   hostname: null,
7 verbose parsed url   hash: null,
7 verbose parsed url   search: null,
7 verbose parsed url   query: null,
7 verbose parsed url   pathname: 'dotenv',
7 verbose parsed url   path: 'dotenv',
7 verbose parsed url   href: 'dotenv' }
8 silly lockFile 4de95cba-dotenv dotenv
9 verbose lock dotenv /home/bryomckim/.npm/4de95cba-dotenv.lock
10 silly lockFile 4de95cba-dotenv dotenv
11 silly lockFile 4de95cba-dotenv dotenv
12 verbose addNamed [ 'dotenv', '' ]
13 verbose addNamed [ null, '*' ]
14 silly lockFile 5104247f-dotenv dotenv@
15 verbose lock dotenv@ /home/bryomckim/.npm/5104247f-dotenv.lock
16 silly addNameRange { name: 'dotenv', range: '*', hasData: false }
17 verbose url raw dotenv
18 verbose url resolving [ 'https://registry.npmjs.org/', './dotenv' ]
19 verbose url resolved https://registry.npmjs.org/dotenv
20 info trying registry request attempt 1 at 12:13:04
21 http GET https://registry.npmjs.org/dotenv
22 info retry will retry, error on last attempt: Error: getaddrinfo ENOTFOUND
23 info trying registry request attempt 2 at 12:13:35
24 http GET https://registry.npmjs.org/dotenv
25 info retry will retry, error on last attempt: Error: getaddrinfo ENOTFOUND
26 info trying registry request attempt 3 at 12:14:55
27 http GET https://registry.npmjs.org/dotenv
28 silly lockFile 5104247f-dotenv dotenv@
29 silly lockFile 5104247f-dotenv dotenv@
30 error network getaddrinfo ENOTFOUND
30 error network This is most likely not a problem with npm itself
30 error network and is related to network connectivity.
30 error network In most cases you are behind a proxy or have bad network settings.
30 error network
30 error network If you are behind a proxy, please make sure that the
30 error network 'proxy' config is set properly.  See: 'npm help config'
31 error System Linux 3.19.0-32-generic
32 error command "/usr/bin/nodejs" "/usr/bin/npm" "install" "dotenv" "--save"
33 error cwd /home/bryomckim/Andela/trime/server/models
34 error node -v v0.10.25
35 error npm -v 1.3.10
36 error syscall getaddrinfo
37 error code ENOTFOUND
38 error errno ENOTFOUND
39 verbose exit [ 1, true ]
